TN:
SF:src\modules\appointments\services\CreateAppointmentService.ts
FN:16,(anonymous_18)
FN:17,CreateAppointmentService
FN:22,(anonymous_20)
FNF:3
FNH:3
FNDA:1,(anonymous_18)
FNDA:2,CreateAppointmentService
FNDA:3,(anonymous_20)
DA:1,1
DA:2,1
DA:3,1
DA:16,1
DA:19,2
DA:22,3
DA:23,3
DA:25,3
DA:29,3
DA:30,1
DA:32,2
DA:37,2
DA:39,1
DA:41,1
LF:14
LH:14
BRDA:29,0,0,1
BRDA:29,0,1,2
BRF:2
BRH:2
end_of_record
TN:
SF:src\modules\users\services\CreateUserService.ts
FN:17,(anonymous_18)
FN:18,CreateUserService
FN:26,(anonymous_20)
FNF:3
FNH:3
FNDA:2,(anonymous_18)
FNDA:3,CreateUserService
FNDA:4,(anonymous_20)
DA:1,2
DA:2,2
DA:17,2
DA:20,3
DA:23,3
DA:26,4
DA:27,4
DA:29,4
DA:30,1
DA:32,3
DA:34,3
DA:40,3
DA:42,2
DA:44,2
LF:14
LH:14
BRDA:27,0,0,4
BRDA:29,1,0,1
BRDA:29,1,1,3
BRF:3
BRH:3
end_of_record
TN:
SF:src\modules\users\services\SessionService.ts
FN:20,(anonymous_18)
FN:21,SessionService
FN:29,(anonymous_20)
FNF:3
FNH:3
FNDA:1,(anonymous_18)
FNDA:2,SessionService
FNDA:2,(anonymous_20)
DA:1,1
DA:2,1
DA:3,1
DA:4,1
DA:20,1
DA:23,2
DA:26,2
DA:29,2
DA:30,2
DA:32,2
DA:33,2
DA:36,0
DA:41,0
DA:42,0
DA:45,0
DA:47,0
DA:52,0
DA:54,1
DA:56,1
LF:19
LH:13
BRDA:30,0,0,2
BRDA:32,1,0,2
BRDA:32,1,1,0
BRDA:41,2,0,0
BRDA:41,2,1,0
BRF:5
BRH:2
end_of_record
TN:
SF:src\modules\users\services\UpdateUserAvatarService.ts
FN:15,(anonymous_18)
FN:16,UpdateUserAvatarService
FN:21,(anonymous_20)
FNF:3
FNH:0
FNDA:0,(anonymous_18)
FNDA:0,UpdateUserAvatarService
FNDA:0,(anonymous_20)
DA:1,0
DA:2,0
DA:3,0
DA:4,0
DA:5,0
DA:15,0
DA:18,0
DA:21,0
DA:22,0
DA:24,0
DA:25,0
DA:31,0
DA:32,0
DA:37,0
DA:41,0
DA:42,0
DA:46,0
DA:48,0
DA:50,0
DA:52,0
DA:53,0
LF:21
LH:0
BRDA:22,0,0,0
BRDA:24,1,0,0
BRDA:24,1,1,0
BRDA:31,2,0,0
BRDA:31,2,1,0
BRDA:41,3,0,0
BRDA:41,3,1,0
BRF:7
BRH:0
end_of_record
